
*** Running vivado
    with args -log dma_axis_ip_example_processing_system7_0_0.vds -m64 -product Vivado -mode batch -messageDb vivado.pb -notrace -source dma_axis_ip_example_processing_system7_0_0.tcl


****** Vivado v2022.2 (64-bit)
  **** SW Build 3671981 on Fri Oct 14 04:59:54 MDT 2022
  **** IP Build 3669848 on Fri Oct 14 08:30:02 MDT 2022
    ** Copyright 1986-2022 Xilinx, Inc. All Rights Reserved.

source dma_axis_ip_example_processing_system7_0_0.tcl -notrace
INFO: [IP_Flow 19-234] Refreshing IP repositories
INFO: [IP_Flow 19-1700] Loaded user IP repository '/home/anon/Desktop/hls_ip/xup_hls_example_1_0'.
INFO: [IP_Flow 19-2313] Loaded Vivado IP repository '/tools/Xilinx/Vivado/2022.2/data/ip'.
Command: synth_design -top dma_axis_ip_example_processing_system7_0_0 -part xc7z020clg400-1 -incremental_mode off -mode out_of_context
Starting synth_design
Attempting to get a license for feature 'Synthesis' and/or device 'xc7z020'
INFO: [Common 17-349] Got license for feature 'Synthesis' and/or device 'xc7z020'
INFO: [Device 21-403] Loading part xc7z020clg400-1
INFO: [Synth 8-7079] Multithreading enabled for synth_design using a maximum of 4 processes.
INFO: [Synth 8-7078] Launching helper process for spawning children vivado processes
INFO: [Synth 8-7075] Helper process launched with PID 11745
INFO: [Synth 8-11241] undeclared symbol 'REGCCE', assumed default net type 'wire' [/tools/Xilinx/Vivado/2022.2/data/verilog/src/unimacro/BRAM_SINGLE_MACRO.v:2170]
---------------------------------------------------------------------------------
Starting RTL Elaboration : Time (s): cpu = 00:00:04 ; elapsed = 00:00:05 . Memory (MB): peak = 1989.688 ; gain = 369.801 ; free physical = 280 ; free virtual = 3504
Synthesis current peak Physical Memory [PSS] (MB): peak = 1208.722; parent = 1079.217; children = 129.505
Synthesis current peak Virtual Memory [VSS] (MB): peak = 3007.305; parent = 1996.629; children = 1010.676
---------------------------------------------------------------------------------
INFO: [Synth 8-6157] synthesizing module 'dma_axis_ip_example_processing_system7_0_0' [/home/anon/Desktop/masters_proj/PYNQ_tutorials/dma_hls_axis/myproj/project_1.gen/sources_1/bd/dma_axis_ip_example/ip/dma_axis_ip_example_processing_system7_0_0/synth/dma_axis_ip_example_processing_system7_0_0.v:53]
INFO: [Synth 8-6157] synthesizing module 'processing_system7_v5_5_processing_system7' [/home/anon/Desktop/masters_proj/PYNQ_tutorials/dma_hls_axis/myproj/project_1.gen/sources_1/bd/dma_axis_ip_example/ip/dma_axis_ip_example_processing_system7_0_0/hdl/verilog/processing_system7_v5_5_processing_system7.v:152]
INFO: [Synth 8-6157] synthesizing module 'BUFG' [/tools/Xilinx/Vivado/2022.2/scripts/rt/data/unisim_comp.v:1082]
INFO: [Synth 8-6155] done synthesizing module 'BUFG' (0#1) [/tools/Xilinx/Vivado/2022.2/scripts/rt/data/unisim_comp.v:1082]
INFO: [Synth 8-6157] synthesizing module 'BIBUF' [/tools/Xilinx/Vivado/2022.2/scripts/rt/data/unisim_comp.v:729]
INFO: [Synth 8-6155] done synthesizing module 'BIBUF' (0#1) [/tools/Xilinx/Vivado/2022.2/scripts/rt/data/unisim_comp.v:729]
INFO: [Synth 8-6157] synthesizing module 'PS7' [/tools/Xilinx/Vivado/2022.2/scripts/rt/data/unisim_comp.v:109424]
INFO: [Synth 8-6155] done synthesizing module 'PS7' (0#1) [/tools/Xilinx/Vivado/2022.2/scripts/rt/data/unisim_comp.v:109424]
INFO: [Synth 8-6155] done synthesizing module 'processing_system7_v5_5_processing_system7' (0#1) [/home/anon/Desktop/masters_proj/PYNQ_tutorials/dma_hls_axis/myproj/project_1.gen/sources_1/bd/dma_axis_ip_example/ip/dma_axis_ip_example_processing_system7_0_0/hdl/verilog/processing_system7_v5_5_processing_system7.v:152]
WARNING: [Synth 8-7071] port 'M_AXI_GP0_ARESETN' of module 'processing_system7_v5_5_processing_system7' is unconnected for instance 'inst' [/home/anon/Desktop/masters_proj/PYNQ_tutorials/dma_hls_axis/myproj/project_1.gen/sources_1/bd/dma_axis_ip_example/ip/dma_axis_ip_example_processing_system7_0_0/synth/dma_axis_ip_example_processing_system7_0_0.v:599]
WARNING: [Synth 8-7071] port 'M_AXI_GP1_ARESETN' of module 'processing_system7_v5_5_processing_system7' is unconnected for instance 'inst' [/home/anon/Desktop/masters_proj/PYNQ_tutorials/dma_hls_axis/myproj/project_1.gen/sources_1/bd/dma_axis_ip_example/ip/dma_axis_ip_example_processing_system7_0_0/synth/dma_axis_ip_example_processing_system7_0_0.v:599]
WARNING: [Synth 8-7071] port 'S_AXI_GP0_ARESETN' of module 'processing_system7_v5_5_processing_system7' is unconnected for instance 'inst' [/home/anon/Desktop/masters_proj/PYNQ_tutorials/dma_hls_axis/myproj/project_1.gen/sources_1/bd/dma_axis_ip_example/ip/dma_axis_ip_example_processing_system7_0_0/synth/dma_axis_ip_example_processing_system7_0_0.v:599]
WARNING: [Synth 8-7071] port 'S_AXI_GP1_ARESETN' of module 'processing_system7_v5_5_processing_system7' is unconnected for instance 'inst' [/home/anon/Desktop/masters_proj/PYNQ_tutorials/dma_hls_axis/myproj/project_1.gen/sources_1/bd/dma_axis_ip_example/ip/dma_axis_ip_example_processing_system7_0_0/synth/dma_axis_ip_example_processing_system7_0_0.v:599]
WARNING: [Synth 8-7071] port 'S_AXI_ACP_ARESETN' of module 'processing_system7_v5_5_processing_system7' is unconnected for instance 'inst' [/home/anon/Desktop/masters_proj/PYNQ_tutorials/dma_hls_axis/myproj/project_1.gen/sources_1/bd/dma_axis_ip_example/ip/dma_axis_ip_example_processing_system7_0_0/synth/dma_axis_ip_example_processing_system7_0_0.v:599]
WARNING: [Synth 8-7071] port 'S_AXI_HP0_ARESETN' of module 'processing_system7_v5_5_processing_system7' is unconnected for instance 'inst' [/home/anon/Desktop/masters_proj/PYNQ_tutorials/dma_hls_axis/myproj/project_1.gen/sources_1/bd/dma_axis_ip_example/ip/dma_axis_ip_example_processing_system7_0_0/synth/dma_axis_ip_example_processing_system7_0_0.v:599]
WARNING: [Synth 8-7071] port 'S_AXI_HP1_ARESETN' of module 'processing_system7_v5_5_processing_system7' is unconnected for instance 'inst' [/home/anon/Desktop/masters_proj/PYNQ_tutorials/dma_hls_axis/myproj/project_1.gen/sources_1/bd/dma_axis_ip_example/ip/dma_axis_ip_example_processing_system7_0_0/synth/dma_axis_ip_example_processing_system7_0_0.v:599]
WARNING: [Synth 8-7071] port 'S_AXI_HP2_ARESETN' of module 'processing_system7_v5_5_processing_system7' is unconnected for instance 'inst' [/home/anon/Desktop/masters_proj/PYNQ_tutorials/dma_hls_axis/myproj/project_1.gen/sources_1/bd/dma_axis_ip_example/ip/dma_axis_ip_example_processing_system7_0_0/synth/dma_axis_ip_example_processing_system7_0_0.v:599]
WARNING: [Synth 8-7071] port 'S_AXI_HP3_ARESETN' of module 'processing_system7_v5_5_processing_system7' is unconnected for instance 'inst' [/home/anon/Desktop/masters_proj/PYNQ_tutorials/dma_hls_axis/myproj/project_1.gen/sources_1/bd/dma_axis_ip_example/ip/dma_axis_ip_example_processing_system7_0_0/synth/dma_axis_ip_example_processing_system7_0_0.v:599]
WARNING: [Synth 8-7071] port 'DMA0_RSTN' of module 'processing_system7_v5_5_processing_system7' is unconnected for instance 'inst' [/home/anon/Desktop/masters_proj/PYNQ_tutorials/dma_hls_axis/myproj/project_1.gen/sources_1/bd/dma_axis_ip_example/ip/dma_axis_ip_example_processing_system7_0_0/synth/dma_axis_ip_example_processing_system7_0_0.v:599]
WARNING: [Synth 8-7071] port 'DMA1_RSTN' of module 'processing_system7_v5_5_processing_system7' is unconnected for instance 'inst' [/home/anon/Desktop/masters_proj/PYNQ_tutorials/dma_hls_axis/myproj/project_1.gen/sources_1/bd/dma_axis_ip_example/ip/dma_axis_ip_example_processing_system7_0_0/synth/dma_axis_ip_example_processing_system7_0_0.v:599]
WARNING: [Synth 8-7071] port 'DMA2_RSTN' of module 'processing_system7_v5_5_processing_system7' is unconnected for instance 'inst' [/home/anon/Desktop/masters_proj/PYNQ_tutorials/dma_hls_axis/myproj/project_1.gen/sources_1/bd/dma_axis_ip_example/ip/dma_axis_ip_example_processing_system7_0_0/synth/dma_axis_ip_example_processing_system7_0_0.v:599]
WARNING: [Synth 8-7071] port 'DMA3_RSTN' of module 'processing_system7_v5_5_processing_system7' is unconnected for instance 'inst' [/home/anon/Desktop/masters_proj/PYNQ_tutorials/dma_hls_axis/myproj/project_1.gen/sources_1/bd/dma_axis_ip_example/ip/dma_axis_ip_example_processing_system7_0_0/synth/dma_axis_ip_example_processing_system7_0_0.v:599]
WARNING: [Synth 8-7023] instance 'inst' of module 'processing_system7_v5_5_processing_system7' has 685 connections declared, but only 672 given [/home/anon/Desktop/masters_proj/PYNQ_tutorials/dma_hls_axis/myproj/project_1.gen/sources_1/bd/dma_axis_ip_example/ip/dma_axis_ip_example_processing_system7_0_0/synth/dma_axis_ip_example_processing_system7_0_0.v:599]
INFO: [Synth 8-6155] done synthesizing module 'dma_axis_ip_example_processing_system7_0_0' (0#1) [/home/anon/Desktop/masters_proj/PYNQ_tutorials/dma_hls_axis/myproj/project_1.gen/sources_1/bd/dma_axis_ip_example/ip/dma_axis_ip_example_processing_system7_0_0/synth/dma_axis_ip_example_processing_system7_0_0.v:53]
WARNING: [Synth 8-7129] Port ENET0_GMII_COL in module processing_system7_v5_5_processing_system7 is either unconnected or has no load
WARNING: [Synth 8-7129] Port ENET0_GMII_CRS in module processing_system7_v5_5_processing_system7 is either unconnected or has no load
WARNING: [Synth 8-7129] Port ENET0_GMII_RX_DV in module processing_system7_v5_5_processing_system7 is either unconnected or has no load
WARNING: [Synth 8-7129] Port ENET0_GMII_RX_ER in module processing_system7_v5_5_processing_system7 is either unconnected or has no load
WARNING: [Synth 8-7129] Port ENET0_GMII_RXD[7] in module processing_system7_v5_5_processing_system7 is either unconnected or has no load
WARNING: [Synth 8-7129] Port ENET0_GMII_RXD[6] in module processing_system7_v5_5_processing_system7 is either unconnected or has no load
WARNING: [Synth 8-7129] Port ENET0_GMII_RXD[5] in module processing_system7_v5_5_processing_system7 is either unconnected or has no load
WARNING: [Synth 8-7129] Port ENET0_GMII_RXD[4] in module processing_system7_v5_5_processing_system7 is either unconnected or has no load
WARNING: [Synth 8-7129] Port ENET0_GMII_RXD[3] in module processing_system7_v5_5_processing_system7 is either unconnected or has no load
WARNING: [Synth 8-7129] Port ENET0_GMII_RXD[2] in module processing_system7_v5_5_processing_system7 is either unconnected or has no load
WARNING: [Synth 8-7129] Port ENET0_GMII_RXD[1] in module processing_system7_v5_5_processing_system7 is either unconnected or has no load
WARNING: [Synth 8-7129] Port ENET0_GMII_RXD[0] in module processing_system7_v5_5_processing_system7 is either unconnected or has no load
WARNING: [Synth 8-7129] Port ENET1_GMII_COL in module processing_system7_v5_5_processing_system7 is either unconnected or has no load
WARNING: [Synth 8-7129] Port ENET1_GMII_CRS in module processing_system7_v5_5_processing_system7 is either unconnected or has no load
WARNING: [Synth 8-7129] Port ENET1_GMII_RX_DV in module processing_system7_v5_5_processing_system7 is either unconnected or has no load
WARNING: [Synth 8-7129] Port ENET1_GMII_RX_ER in module processing_system7_v5_5_processing_system7 is either unconnected or has no load
WARNING: [Synth 8-7129] Port ENET1_GMII_RXD[7] in module processing_system7_v5_5_processing_system7 is either unconnected or has no load
WARNING: [Synth 8-7129] Port ENET1_GMII_RXD[6] in module processing_system7_v5_5_processing_system7 is either unconnected or has no load
WARNING: [Synth 8-7129] Port ENET1_GMII_RXD[5] in module processing_system7_v5_5_processing_system7 is either unconnected or has no load
WARNING: [Synth 8-7129] Port ENET1_GMII_RXD[4] in module processing_system7_v5_5_processing_system7 is either unconnected or has no load
WARNING: [Synth 8-7129] Port ENET1_GMII_RXD[3] in module processing_system7_v5_5_processing_system7 is either unconnected or has no load
WARNING: [Synth 8-7129] Port ENET1_GMII_RXD[2] in module processing_system7_v5_5_processing_system7 is either unconnected or has no load
WARNING: [Synth 8-7129] Port ENET1_GMII_RXD[1] in module processing_system7_v5_5_processing_system7 is either unconnected or has no load
WARNING: [Synth 8-7129] Port ENET1_GMII_RXD[0] in module processing_system7_v5_5_processing_system7 is either unconnected or has no load
WARNING: [Synth 8-7129] Port S_AXI_GP0_ARSIZE[2] in module processing_system7_v5_5_processing_system7 is either unconnected or has no load
WARNING: [Synth 8-7129] Port S_AXI_GP0_AWSIZE[2] in module processing_system7_v5_5_processing_system7 is either unconnected or has no load
WARNING: [Synth 8-7129] Port S_AXI_GP1_ARSIZE[2] in module processing_system7_v5_5_processing_system7 is either unconnected or has no load
WARNING: [Synth 8-7129] Port S_AXI_GP1_AWSIZE[2] in module processing_system7_v5_5_processing_system7 is either unconnected or has no load
WARNING: [Synth 8-7129] Port S_AXI_ACP_ARSIZE[2] in module processing_system7_v5_5_processing_system7 is either unconnected or has no load
WARNING: [Synth 8-7129] Port S_AXI_ACP_AWSIZE[2] in module processing_system7_v5_5_processing_system7 is either unconnected or has no load
WARNING: [Synth 8-7129] Port S_AXI_HP0_ARSIZE[2] in module processing_system7_v5_5_processing_system7 is either unconnected or has no load
WARNING: [Synth 8-7129] Port S_AXI_HP0_AWSIZE[2] in module processing_system7_v5_5_processing_system7 is either unconnected or has no load
WARNING: [Synth 8-7129] Port S_AXI_HP1_ARSIZE[2] in module processing_system7_v5_5_processing_system7 is either unconnected or has no load
WARNING: [Synth 8-7129] Port S_AXI_HP1_AWSIZE[2] in module processing_system7_v5_5_processing_system7 is either unconnected or has no load
WARNING: [Synth 8-7129] Port S_AXI_HP2_ARSIZE[2] in module processing_system7_v5_5_processing_system7 is either unconnected or has no load
WARNING: [Synth 8-7129] Port S_AXI_HP2_AWSIZE[2] in module processing_system7_v5_5_processing_system7 is either unconnected or has no load
WARNING: [Synth 8-7129] Port S_AXI_HP3_ARSIZE[2] in module processing_system7_v5_5_processing_system7 is either unconnected or has no load
WARNING: [Synth 8-7129] Port S_AXI_HP3_AWSIZE[2] in module processing_system7_v5_5_processing_system7 is either unconnected or has no load
WARNING: [Synth 8-7129] Port FCLK_CLKTRIG3_N in module processing_system7_v5_5_processing_system7 is either unconnected or has no load
WARNING: [Synth 8-7129] Port FCLK_CLKTRIG2_N in module processing_system7_v5_5_processing_system7 is either unconnected or has no load
WARNING: [Synth 8-7129] Port FCLK_CLKTRIG1_N in module processing_system7_v5_5_processing_system7 is either unconnected or has no load
WARNING: [Synth 8-7129] Port FCLK_CLKTRIG0_N in module processing_system7_v5_5_processing_system7 is either unconnected or has no load
WARNING: [Synth 8-7129] Port FTMD_TRACEIN_DATA[31] in module processing_system7_v5_5_processing_system7 is either unconnected or has no load
WARNING: [Synth 8-7129] Port FTMD_TRACEIN_DATA[30] in module processing_system7_v5_5_processing_system7 is either unconnected or has no load
WARNING: [Synth 8-7129] Port FTMD_TRACEIN_DATA[29] in module processing_system7_v5_5_processing_system7 is either unconnected or has no load
WARNING: [Synth 8-7129] Port FTMD_TRACEIN_DATA[28] in module processing_system7_v5_5_processing_system7 is either unconnected or has no load
WARNING: [Synth 8-7129] Port FTMD_TRACEIN_DATA[27] in module processing_system7_v5_5_processing_system7 is either unconnected or has no load
WARNING: [Synth 8-7129] Port FTMD_TRACEIN_DATA[26] in module processing_system7_v5_5_processing_system7 is either unconnected or has no load
WARNING: [Synth 8-7129] Port FTMD_TRACEIN_DATA[25] in module processing_system7_v5_5_processing_system7 is either unconnected or has no load
WARNING: [Synth 8-7129] Port FTMD_TRACEIN_DATA[24] in module processing_system7_v5_5_processing_system7 is either unconnected or has no load
WARNING: [Synth 8-7129] Port FTMD_TRACEIN_DATA[23] in module processing_system7_v5_5_processing_system7 is either unconnected or has no load
WARNING: [Synth 8-7129] Port FTMD_TRACEIN_DATA[22] in module processing_system7_v5_5_processing_system7 is either unconnected or has no load
WARNING: [Synth 8-7129] Port FTMD_TRACEIN_DATA[21] in module processing_system7_v5_5_processing_system7 is either unconnected or has no load
WARNING: [Synth 8-7129] Port FTMD_TRACEIN_DATA[20] in module processing_system7_v5_5_processing_system7 is either unconnected or has no load
WARNING: [Synth 8-7129] Port FTMD_TRACEIN_DATA[19] in module processing_system7_v5_5_processing_system7 is either unconnected or has no load
WARNING: [Synth 8-7129] Port FTMD_TRACEIN_DATA[18] in module processing_system7_v5_5_processing_system7 is either unconnected or has no load
WARNING: [Synth 8-7129] Port FTMD_TRACEIN_DATA[17] in module processing_system7_v5_5_processing_system7 is either unconnected or has no load
WARNING: [Synth 8-7129] Port FTMD_TRACEIN_DATA[16] in module processing_system7_v5_5_processing_system7 is either unconnected or has no load
WARNING: [Synth 8-7129] Port FTMD_TRACEIN_DATA[15] in module processing_system7_v5_5_processing_system7 is either unconnected or has no load
WARNING: [Synth 8-7129] Port FTMD_TRACEIN_DATA[14] in module processing_system7_v5_5_processing_system7 is either unconnected or has no load
WARNING: [Synth 8-7129] Port FTMD_TRACEIN_DATA[13] in module processing_system7_v5_5_processing_system7 is either unconnected or has no load
WARNING: [Synth 8-7129] Port FTMD_TRACEIN_DATA[12] in module processing_system7_v5_5_processing_system7 is either unconnected or has no load
WARNING: [Synth 8-7129] Port FTMD_TRACEIN_DATA[11] in module processing_system7_v5_5_processing_system7 is either unconnected or has no load
WARNING: [Synth 8-7129] Port FTMD_TRACEIN_DATA[10] in module processing_system7_v5_5_processing_system7 is either unconnected or has no load
WARNING: [Synth 8-7129] Port FTMD_TRACEIN_DATA[9] in module processing_system7_v5_5_processing_system7 is either unconnected or has no load
WARNING: [Synth 8-7129] Port FTMD_TRACEIN_DATA[8] in module processing_system7_v5_5_processing_system7 is either unconnected or has no load
WARNING: [Synth 8-7129] Port FTMD_TRACEIN_DATA[7] in module processing_system7_v5_5_processing_system7 is either unconnected or has no load
WARNING: [Synth 8-7129] Port FTMD_TRACEIN_DATA[6] in module processing_system7_v5_5_processing_system7 is either unconnected or has no load
WARNING: [Synth 8-7129] Port FTMD_TRACEIN_DATA[5] in module processing_system7_v5_5_processing_system7 is either unconnected or has no load
WARNING: [Synth 8-7129] Port FTMD_TRACEIN_DATA[4] in module processing_system7_v5_5_processing_system7 is either unconnected or has no load
WARNING: [Synth 8-7129] Port FTMD_TRACEIN_DATA[3] in module processing_system7_v5_5_processing_system7 is either unconnected or has no load
WARNING: [Synth 8-7129] Port FTMD_TRACEIN_DATA[2] in module processing_system7_v5_5_processing_system7 is either unconnected or has no load
WARNING: [Synth 8-7129] Port FTMD_TRACEIN_DATA[1] in module processing_system7_v5_5_processing_system7 is either unconnected or has no load
WARNING: [Synth 8-7129] Port FTMD_TRACEIN_DATA[0] in module processing_system7_v5_5_processing_system7 is either unconnected or has no load
WARNING: [Synth 8-7129] Port FTMD_TRACEIN_VALID in module processing_system7_v5_5_processing_system7 is either unconnected or has no load
WARNING: [Synth 8-7129] Port FTMD_TRACEIN_ATID[3] in module processing_system7_v5_5_processing_system7 is either unconnected or has no load
WARNING: [Synth 8-7129] Port FTMD_TRACEIN_ATID[2] in module processing_system7_v5_5_processing_system7 is either unconnected or has no load
WARNING: [Synth 8-7129] Port FTMD_TRACEIN_ATID[1] in module processing_system7_v5_5_processing_system7 is either unconnected or has no load
WARNING: [Synth 8-7129] Port FTMD_TRACEIN_ATID[0] in module processing_system7_v5_5_processing_system7 is either unconnected or has no load
---------------------------------------------------------------------------------
Finished RTL Elaboration : Time (s): cpu = 00:00:06 ; elapsed = 00:00:07 . Memory (MB): peak = 2069.594 ; gain = 449.707 ; free physical = 358 ; free virtual = 2857
Synthesis current peak Physical Memory [PSS] (MB): peak = 1208.722; parent = 1079.217; children = 129.505
Synthesis current peak Virtual Memory [VSS] (MB): peak = 3080.273; parent = 2069.598; children = 1010.676
---------------------------------------------------------------------------------
---------------------------------------------------------------------------------
Start Handling Custom Attributes
---------------------------------------------------------------------------------
---------------------------------------------------------------------------------
Finished Handling Custom Attributes : Time (s): cpu = 00:00:06 ; elapsed = 00:00:07 . Memory (MB): peak = 2087.406 ; gain = 467.520 ; free physical = 165 ; free virtual = 2652
Synthesis current peak Physical Memory [PSS] (MB): peak = 1208.722; parent = 1079.217; children = 129.505
Synthesis current peak Virtual Memory [VSS] (MB): peak = 3098.086; parent = 2087.410; children = 1010.676
---------------------------------------------------------------------------------
---------------------------------------------------------------------------------
Finished RTL Optimization Phase 1 : Time (s): cpu = 00:00:06 ; elapsed = 00:00:07 . Memory (MB): peak = 2087.406 ; gain = 467.520 ; free physical = 172 ; free virtual = 2640
Synthesis current peak Physical Memory [PSS] (MB): peak = 1208.722; parent = 1079.217; children = 129.505
Synthesis current peak Virtual Memory [VSS] (MB): peak = 3098.086; parent = 2087.410; children = 1010.676
---------------------------------------------------------------------------------
Netlist sorting complete. Time (s): cpu = 00:00:00.01 ; elapsed = 00:00:00.01 . Memory (MB): peak = 2093.344 ; gain = 0.000 ; free physical = 379 ; free virtual = 2794
INFO: [Project 1-570] Preparing netlist for logic optimization

Processing XDC Constraints
Initializing timing engine
Parsing XDC File [/home/anon/Desktop/masters_proj/PYNQ_tutorials/dma_hls_axis/myproj/project_1.gen/sources_1/bd/dma_axis_ip_example/ip/dma_axis_ip_example_processing_system7_0_0/dma_axis_ip_example_processing_system7_0_0.xdc] for cell 'inst'
Finished Parsing XDC File [/home/anon/Desktop/masters_proj/PYNQ_tutorials/dma_hls_axis/myproj/project_1.gen/sources_1/bd/dma_axis_ip_example/ip/dma_axis_ip_example_processing_system7_0_0/dma_axis_ip_example_processing_system7_0_0.xdc] for cell 'inst'
INFO: [Project 1-236] Implementation specific constraints were found while reading constraint file [/home/anon/Desktop/masters_proj/PYNQ_tutorials/dma_hls_axis/myproj/project_1.gen/sources_1/bd/dma_axis_ip_example/ip/dma_axis_ip_example_processing_system7_0_0/dma_axis_ip_example_processing_system7_0_0.xdc]. These constraints will be ignored for synthesis but will be used in implementation. Impacted constraints are listed in the file [.Xil/dma_axis_ip_example_processing_system7_0_0_propImpl.xdc].
Resolution: To avoid this warning, move constraints listed in [.Xil/dma_axis_ip_example_processing_system7_0_0_propImpl.xdc] to another XDC file and exclude this new file from synthesis with the used_in_synthesis property (File Properties dialog in GUI) and re-run elaboration/synthesis.
Parsing XDC File [/home/anon/Desktop/masters_proj/PYNQ_tutorials/dma_hls_axis/myproj/project_1.runs/dma_axis_ip_example_processing_system7_0_0_synth_1/dont_touch.xdc]
Finished Parsing XDC File [/home/anon/Desktop/masters_proj/PYNQ_tutorials/dma_hls_axis/myproj/project_1.runs/dma_axis_ip_example_processing_system7_0_0_synth_1/dont_touch.xdc]
Completed Processing XDC Constraints

Netlist sorting complete. Time (s): cpu = 00:00:00 ; elapsed = 00:00:00 . Memory (MB): peak = 2166.281 ; gain = 0.000 ; free physical = 165 ; free virtual = 2073
INFO: [Project 1-111] Unisim Transformation Summary:
No Unisim elements were transformed.

Constraint Validation Runtime : Time (s): cpu = 00:00:00.03 ; elapsed = 00:00:00.02 . Memory (MB): peak = 2166.281 ; gain = 0.000 ; free physical = 159 ; free virtual = 2067
INFO: [Designutils 20-5008] Incremental synthesis strategy off
INFO: [Synth 8-11241] undeclared symbol 'REGCCE', assumed default net type 'wire' [/tools/Xilinx/Vivado/2022.2/data/verilog/src/unimacro/BRAM_SINGLE_MACRO.v:2170]
---------------------------------------------------------------------------------
Finished Constraint Validation : Time (s): cpu = 00:00:13 ; elapsed = 00:00:14 . Memory (MB): peak = 2166.281 ; gain = 546.395 ; free physical = 1338 ; free virtual = 2992
Synthesis current peak Physical Memory [PSS] (MB): peak = 1208.722; parent = 1079.217; children = 129.505
Synthesis current peak Virtual Memory [VSS] (MB): peak = 3144.945; parent = 2134.270; children = 1010.676
---------------------------------------------------------------------------------
---------------------------------------------------------------------------------
Start Loading Part and Timing Information
---------------------------------------------------------------------------------
Loading part: xc7z020clg400-1
---------------------------------------------------------------------------------
Finished Loading Part and Timing Information : Time (s): cpu = 00:00:13 ; elapsed = 00:00:14 . Memory (MB): peak = 2166.281 ; gain = 546.395 ; free physical = 1332 ; free virtual = 2989
Synthesis current peak Physical Memory [PSS] (MB): peak = 1208.722; parent = 1079.217; children = 129.505
Synthesis current peak Virtual Memory [VSS] (MB): peak = 3144.945; parent = 2134.270; children = 1010.676
---------------------------------------------------------------------------------
---------------------------------------------------------------------------------
Start Applying 'set_property' XDC Constraints
---------------------------------------------------------------------------------
Applied set_property KEEP_HIERARCHY = SOFT for inst. (constraint file  /home/anon/Desktop/masters_proj/PYNQ_tutorials/dma_hls_axis/myproj/project_1.runs/dma_axis_ip_example_processing_system7_0_0_synth_1/dont_touch.xdc, line 9).
---------------------------------------------------------------------------------
Finished applying 'set_property' XDC Constraints : Time (s): cpu = 00:00:13 ; elapsed = 00:00:14 . Memory (MB): peak = 2166.281 ; gain = 546.395 ; free physical = 1232 ; free virtual = 2906
Synthesis current peak Physical Memory [PSS] (MB): peak = 1208.722; parent = 1079.217; children = 129.505
Synthesis current peak Virtual Memory [VSS] (MB): peak = 3144.945; parent = 2134.270; children = 1010.676
---------------------------------------------------------------------------------
---------------------------------------------------------------------------------
Finished RTL Optimization Phase 2 : Time (s): cpu = 00:00:13 ; elapsed = 00:00:14 . Memory (MB): peak = 2166.281 ; gain = 546.395 ; free physical = 1193 ; free virtual = 2868
Synthesis current peak Physical Memory [PSS] (MB): peak = 1208.722; parent = 1079.217; children = 129.505
Synthesis current peak Virtual Memory [VSS] (MB): peak = 3144.945; parent = 2134.270; children = 1010.676
---------------------------------------------------------------------------------
---------------------------------------------------------------------------------
Start RTL Component Statistics 
---------------------------------------------------------------------------------
Detailed RTL Component Info : 
---------------------------------------------------------------------------------
Finished RTL Component Statistics 
---------------------------------------------------------------------------------
---------------------------------------------------------------------------------
Start Part Resource Summary
---------------------------------------------------------------------------------
Part Resources:
DSPs: 220 (col length:60)
BRAMs: 280 (col length: RAMB18 60 RAMB36 30)
---------------------------------------------------------------------------------
Finished Part Resource Summary
---------------------------------------------------------------------------------
---------------------------------------------------------------------------------
Start Cross Boundary and Area Optimization
---------------------------------------------------------------------------------
WARNING: [Synth 8-7080] Parallel synthesis criteria is not met
WARNING: [Synth 8-7129] Port ENET0_GMII_COL in module processing_system7_v5_5_processing_system7 is either unconnected or has no load
WARNING: [Synth 8-7129] Port ENET0_GMII_CRS in module processing_system7_v5_5_processing_system7 is either unconnected or has no load
WARNING: [Synth 8-7129] Port ENET0_GMII_RX_DV in module processing_system7_v5_5_processing_system7 is either unconnected or has no load
WARNING: [Synth 8-7129] Port ENET0_GMII_RX_ER in module processing_system7_v5_5_processing_system7 is either unconnected or has no load
WARNING: [Synth 8-7129] Port ENET0_GMII_RXD[7] in module processing_system7_v5_5_processing_system7 is either unconnected or has no load
WARNING: [Synth 8-7129] Port ENET0_GMII_RXD[6] in module processing_system7_v5_5_processing_system7 is either unconnected or has no load
WARNING: [Synth 8-7129] Port ENET0_GMII_RXD[5] in module processing_system7_v5_5_processing_system7 is either unconnected or has no load
WARNING: [Synth 8-7129] Port ENET0_GMII_RXD[4] in module processing_system7_v5_5_processing_system7 is either unconnected or has no load
WARNING: [Synth 8-7129] Port ENET0_GMII_RXD[3] in module processing_system7_v5_5_processing_system7 is either unconnected or has no load
WARNING: [Synth 8-7129] Port ENET0_GMII_RXD[2] in module processing_system7_v5_5_processing_system7 is either unconnected or has no load
WARNING: [Synth 8-7129] Port ENET0_GMII_RXD[1] in module processing_system7_v5_5_processing_system7 is either unconnected or has no load
WARNING: [Synth 8-7129] Port ENET0_GMII_RXD[0] in module processing_system7_v5_5_processing_system7 is either unconnected or has no load
WARNING: [Synth 8-7129] Port ENET1_GMII_COL in module processing_system7_v5_5_processing_system7 is either unconnected or has no load
WARNING: [Synth 8-7129] Port ENET1_GMII_CRS in module processing_system7_v5_5_processing_system7 is either unconnected or has no load
WARNING: [Synth 8-7129] Port ENET1_GMII_RX_DV in module processing_system7_v5_5_processing_system7 is either unconnected or has no load
WARNING: [Synth 8-7129] Port ENET1_GMII_RX_ER in module processing_system7_v5_5_processing_system7 is either unconnected or has no load
WARNING: [Synth 8-7129] Port ENET1_GMII_RXD[7] in module processing_system7_v5_5_processing_system7 is either unconnected or has no load
WARNING: [Synth 8-7129] Port ENET1_GMII_RXD[6] in module processing_system7_v5_5_processing_system7 is either unconnected or has no load
WARNING: [Synth 8-7129] Port ENET1_GMII_RXD[5] in module processing_system7_v5_5_processing_system7 is either unconnected or has no load
WARNING: [Synth 8-7129] Port ENET1_GMII_RXD[4] in module processing_system7_v5_5_processing_system7 is either unconnected or has no load
WARNING: [Synth 8-7129] Port ENET1_GMII_RXD[3] in module processing_system7_v5_5_processing_system7 is either unconnected or has no load
INFO: [Common 17-14] Message 'Synth 8-7129' appears 100 times and further instances of the messages will be disabled. Use the Tcl command set_msg_config to change the current settings.
---------------------------------------------------------------------------------
Finished Cross Boundary and Area Optimization : Time (s): cpu = 00:00:14 ; elapsed = 00:00:16 . Memory (MB): peak = 2166.281 ; gain = 546.395 ; free physical = 1204 ; free virtual = 2894
Synthesis current peak Physical Memory [PSS] (MB): peak = 1208.722; parent = 1079.217; children = 129.505
Synthesis current peak Virtual Memory [VSS] (MB): peak = 3144.945; parent = 2134.270; children = 1010.676
---------------------------------------------------------------------------------
---------------------------------------------------------------------------------
Start Applying XDC Timing Constraints
---------------------------------------------------------------------------------
---------------------------------------------------------------------------------
Finished Applying XDC Timing Constraints : Time (s): cpu = 00:00:18 ; elapsed = 00:00:19 . Memory (MB): peak = 2216.266 ; gain = 596.379 ; free physical = 911 ; free virtual = 2645
Synthesis current peak Physical Memory [PSS] (MB): peak = 1361.446; parent = 1236.449; children = 129.505
Synthesis current peak Virtual Memory [VSS] (MB): peak = 3226.945; parent = 2216.270; children = 1010.676
---------------------------------------------------------------------------------
---------------------------------------------------------------------------------
Start Timing Optimization
---------------------------------------------------------------------------------
---------------------------------------------------------------------------------
Finished Timing Optimization : Time (s): cpu = 00:00:18 ; elapsed = 00:00:19 . Memory (MB): peak = 2236.273 ; gain = 616.387 ; free physical = 867 ; free virtual = 2598
Synthesis current peak Physical Memory [PSS] (MB): peak = 1373.210; parent = 1248.213; children = 129.505
Synthesis current peak Virtual Memory [VSS] (MB): peak = 3246.953; parent = 2236.277; children = 1010.676
---------------------------------------------------------------------------------
---------------------------------------------------------------------------------
Start Technology Mapping
---------------------------------------------------------------------------------
---------------------------------------------------------------------------------
Finished Technology Mapping : Time (s): cpu = 00:00:18 ; elapsed = 00:00:19 . Memory (MB): peak = 2252.289 ; gain = 632.402 ; free physical = 867 ; free virtual = 2589
Synthesis current peak Physical Memory [PSS] (MB): peak = 1373.314; parent = 1248.318; children = 129.505
Synthesis current peak Virtual Memory [VSS] (MB): peak = 3262.969; parent = 2252.293; children = 1010.676
---------------------------------------------------------------------------------
---------------------------------------------------------------------------------
Start IO Insertion
---------------------------------------------------------------------------------
---------------------------------------------------------------------------------
Start Flattening Before IO Insertion
---------------------------------------------------------------------------------
---------------------------------------------------------------------------------
Finished Flattening Before IO Insertion
---------------------------------------------------------------------------------
---------------------------------------------------------------------------------
Start Final Netlist Cleanup
---------------------------------------------------------------------------------
---------------------------------------------------------------------------------
Finished Final Netlist Cleanup
---------------------------------------------------------------------------------
---------------------------------------------------------------------------------
Finished IO Insertion : Time (s): cpu = 00:00:21 ; elapsed = 00:00:22 . Memory (MB): peak = 2255.258 ; gain = 635.371 ; free physical = 563 ; free virtual = 2305
Synthesis current peak Physical Memory [PSS] (MB): peak = 1373.467; parent = 1248.472; children = 129.505
Synthesis current peak Virtual Memory [VSS] (MB): peak = 3265.938; parent = 2255.262; children = 1010.676
---------------------------------------------------------------------------------
---------------------------------------------------------------------------------
Start Renaming Generated Instances
---------------------------------------------------------------------------------
---------------------------------------------------------------------------------
Finished Renaming Generated Instances : Time (s): cpu = 00:00:21 ; elapsed = 00:00:22 . Memory (MB): peak = 2255.258 ; gain = 635.371 ; free physical = 558 ; free virtual = 2300
Synthesis current peak Physical Memory [PSS] (MB): peak = 1373.467; parent = 1248.472; children = 129.505
Synthesis current peak Virtual Memory [VSS] (MB): peak = 3265.938; parent = 2255.262; children = 1010.676
---------------------------------------------------------------------------------
---------------------------------------------------------------------------------
Start Rebuilding User Hierarchy
---------------------------------------------------------------------------------
---------------------------------------------------------------------------------
Finished Rebuilding User Hierarchy : Time (s): cpu = 00:00:21 ; elapsed = 00:00:23 . Memory (MB): peak = 2255.258 ; gain = 635.371 ; free physical = 583 ; free virtual = 2325
Synthesis current peak Physical Memory [PSS] (MB): peak = 1373.467; parent = 1248.472; children = 129.505
Synthesis current peak Virtual Memory [VSS] (MB): peak = 3265.938; parent = 2255.262; children = 1010.676
---------------------------------------------------------------------------------
---------------------------------------------------------------------------------
Start Renaming Generated Ports
---------------------------------------------------------------------------------
---------------------------------------------------------------------------------
Finished Renaming Generated Ports : Time (s): cpu = 00:00:21 ; elapsed = 00:00:23 . Memory (MB): peak = 2255.258 ; gain = 635.371 ; free physical = 595 ; free virtual = 2337
Synthesis current peak Physical Memory [PSS] (MB): peak = 1373.467; parent = 1248.472; children = 129.505
Synthesis current peak Virtual Memory [VSS] (MB): peak = 3265.938; parent = 2255.262; children = 1010.676
---------------------------------------------------------------------------------
---------------------------------------------------------------------------------
Start Handling Custom Attributes
---------------------------------------------------------------------------------
---------------------------------------------------------------------------------
Finished Handling Custom Attributes : Time (s): cpu = 00:00:21 ; elapsed = 00:00:23 . Memory (MB): peak = 2255.258 ; gain = 635.371 ; free physical = 584 ; free virtual = 2329
Synthesis current peak Physical Memory [PSS] (MB): peak = 1373.467; parent = 1248.472; children = 129.505
Synthesis current peak Virtual Memory [VSS] (MB): peak = 3265.938; parent = 2255.262; children = 1010.676
---------------------------------------------------------------------------------
---------------------------------------------------------------------------------
Start Renaming Generated Nets
---------------------------------------------------------------------------------
---------------------------------------------------------------------------------
Finished Renaming Generated Nets : Time (s): cpu = 00:00:21 ; elapsed = 00:00:23 . Memory (MB): peak = 2255.258 ; gain = 635.371 ; free physical = 687 ; free virtual = 2435
Synthesis current peak Physical Memory [PSS] (MB): peak = 1374.756; parent = 1249.052; children = 129.505
Synthesis current peak Virtual Memory [VSS] (MB): peak = 3265.938; parent = 2255.262; children = 1010.676
---------------------------------------------------------------------------------
---------------------------------------------------------------------------------
Start Writing Synthesis Report
---------------------------------------------------------------------------------

Report BlackBoxes: 
+-+--------------+----------+
| |BlackBox name |Instances |
+-+--------------+----------+
+-+--------------+----------+

Report Cell Usage: 
+------+------+------+
|      |Cell  |Count |
+------+------+------+
|1     |BIBUF |   130|
|2     |BUFG  |     1|
|3     |LUT1  |    24|
|4     |PS7   |     1|
+------+------+------+
---------------------------------------------------------------------------------
Finished Writing Synthesis Report : Time (s): cpu = 00:00:21 ; elapsed = 00:00:23 . Memory (MB): peak = 2255.258 ; gain = 635.371 ; free physical = 677 ; free virtual = 2426
Synthesis current peak Physical Memory [PSS] (MB): peak = 1374.786; parent = 1249.082; children = 129.505
Synthesis current peak Virtual Memory [VSS] (MB): peak = 3265.938; parent = 2255.262; children = 1010.676
---------------------------------------------------------------------------------
Synthesis finished with 0 errors, 0 critical warnings and 80 warnings.
Synthesis Optimization Runtime : Time (s): cpu = 00:00:19 ; elapsed = 00:00:21 . Memory (MB): peak = 2255.258 ; gain = 556.496 ; free physical = 697 ; free virtual = 2447
Synthesis Optimization Complete : Time (s): cpu = 00:00:21 ; elapsed = 00:00:23 . Memory (MB): peak = 2255.266 ; gain = 635.371 ; free physical = 691 ; free virtual = 2441
INFO: [Project 1-571] Translating synthesized netlist
Netlist sorting complete. Time (s): cpu = 00:00:00.01 ; elapsed = 00:00:00.01 . Memory (MB): peak = 2255.266 ; gain = 0.000 ; free physical = 780 ; free virtual = 2530
INFO: [Project 1-570] Preparing netlist for logic optimization
INFO: [Opt 31-138] Pushed 0 inverter(s) to 0 load pin(s).
Netlist sorting complete. Time (s): cpu = 00:00:00 ; elapsed = 00:00:00 . Memory (MB): peak = 2271.102 ; gain = 0.000 ; free physical = 850 ; free virtual = 2602
INFO: [Project 1-111] Unisim Transformation Summary:
No Unisim elements were transformed.

Synth Design complete, checksum: deeb9be7
INFO: [Common 17-83] Releasing license: Synthesis
30 Infos, 115 Warnings, 0 Critical Warnings and 0 Errors encountered.
synth_design completed successfully
synth_design: Time (s): cpu = 00:00:27 ; elapsed = 00:00:26 . Memory (MB): peak = 2271.102 ; gain = 947.840 ; free physical = 1161 ; free virtual = 2918
INFO: [Common 17-1381] The checkpoint '/home/anon/Desktop/masters_proj/PYNQ_tutorials/dma_hls_axis/myproj/project_1.runs/dma_axis_ip_example_processing_system7_0_0_synth_1/dma_axis_ip_example_processing_system7_0_0.dcp' has been generated.
INFO: [runtcl-4] Executing : report_utilization -file dma_axis_ip_example_processing_system7_0_0_utilization_synth.rpt -pb dma_axis_ip_example_processing_system7_0_0_utilization_synth.pb
INFO: [Common 17-206] Exiting Vivado at Sun Nov  5 11:39:49 2023...
