/home/anon/Desktop/masters_proj/vitis_projects/edge_detect/edge_detect/solution1/.autopilot/db/example.pp.0.cpp:1408:7: warning: Added loop label VITIS_LOOP_1211_1:   [xilinx-label-all-loops]
      for (i = 0; i < __N - 1; ++i) {
      ^~~
      VITIS_LOOP_1211_1: 
/home/anon/Desktop/masters_proj/vitis_projects/edge_detect/edge_detect/solution1/.autopilot/db/example.pp.0.cpp:1408:7: note: FIX-IT applied suggested code changes
/home/anon/Desktop/masters_proj/vitis_projects/edge_detect/edge_detect/solution1/.autopilot/db/example.pp.0.cpp:2382:5: warning: Added loop label VITIS_LOOP_676_1:   [xilinx-label-all-loops]
    for (unsigned i = low; i != high; ++i) {
    ^~~
    VITIS_LOOP_676_1: 
/home/anon/Desktop/masters_proj/vitis_projects/edge_detect/edge_detect/solution1/.autopilot/db/example.pp.0.cpp:2382:5: note: FIX-IT applied suggested code changes
/home/anon/Desktop/masters_proj/vitis_projects/edge_detect/edge_detect/solution1/.autopilot/db/example.pp.0.cpp:2396:5: warning: Added loop label VITIS_LOOP_690_1:   [xilinx-label-all-loops]
    for (unsigned i = low; i != high; ++i) {
    ^~~
    VITIS_LOOP_690_1: 
/home/anon/Desktop/masters_proj/vitis_projects/edge_detect/edge_detect/solution1/.autopilot/db/example.pp.0.cpp:2396:5: note: FIX-IT applied suggested code changes
/home/anon/Desktop/masters_proj/vitis_projects/edge_detect/edge_detect/solution1/.autopilot/db/example.pp.0.cpp:2410:5: warning: Added loop label VITIS_LOOP_704_1:   [xilinx-label-all-loops]
    for (unsigned i = low; i != high; ++i) {
    ^~~
    VITIS_LOOP_704_1: 
/home/anon/Desktop/masters_proj/vitis_projects/edge_detect/edge_detect/solution1/.autopilot/db/example.pp.0.cpp:2410:5: note: FIX-IT applied suggested code changes
/home/anon/Desktop/masters_proj/vitis_projects/edge_detect/edge_detect/solution1/.autopilot/db/example.pp.0.cpp:4021:7: warning: Added loop label VITIS_LOOP_1245_1:   [xilinx-label-all-loops]
      for (i = 0; i < __N - 1; ++i) {
      ^~~
      VITIS_LOOP_1245_1: 
/home/anon/Desktop/masters_proj/vitis_projects/edge_detect/edge_detect/solution1/.autopilot/db/example.pp.0.cpp:4021:7: note: FIX-IT applied suggested code changes
/home/anon/Desktop/masters_proj/vitis_projects/edge_detect/edge_detect/solution1/.autopilot/db/example.pp.0.cpp:6294:5: warning: Added loop label VITIS_LOOP_29_1:   [xilinx-label-all-loops]
    while(1)
    ^~~~~
    VITIS_LOOP_29_1: 
/home/anon/Desktop/masters_proj/vitis_projects/edge_detect/edge_detect/solution1/.autopilot/db/example.pp.0.cpp:6294:5: note: FIX-IT applied suggested code changes
