INFO: [HLS 200-10] Running '/tools/Xilinx/Vitis_HLS/2022.2/bin/unwrapped/lnx64.o/vitis_hls'
INFO: [HLS 200-10] For user 'root' on host 'anon.mynetworksettings.com' (Linux_x86_64 version 5.15.0-87-generic) on Sun Nov 05 12:59:22 PST 2023
INFO: [HLS 200-10] On os Ubuntu 20.04.6 LTS
INFO: [HLS 200-10] In directory '/home/anon/Desktop/masters_proj/vitis_projects/edge_detect'
Sourcing Tcl script '/home/anon/Desktop/masters_proj/vitis_projects/edge_detect/edge_detect/solution1/export.tcl'
INFO: [HLS 200-1510] Running: source /home/anon/Desktop/masters_proj/vitis_projects/edge_detect/edge_detect/solution1/export.tcl
INFO: [HLS 200-1510] Running: open_project edge_detect 
INFO: [HLS 200-10] Opening project '/home/anon/Desktop/masters_proj/vitis_projects/edge_detect/edge_detect'.
INFO: [HLS 200-1510] Running: set_top example 
INFO: [HLS 200-1510] Running: add_files ../Vitis-HLS-Introductory-Examples/Interface/Streaming/using_axi_stream_with_side_channel_data/example.cpp 
INFO: [HLS 200-10] Adding design file '../Vitis-HLS-Introductory-Examples/Interface/Streaming/using_axi_stream_with_side_channel_data/example.cpp' to the project
INFO: [HLS 200-1510] Running: add_files -tb ../Vitis-HLS-Introductory-Examples/Interface/Streaming/using_axi_stream_with_side_channel_data/example_test.cpp 
INFO: [HLS 200-10] Adding test bench file '../Vitis-HLS-Introductory-Examples/Interface/Streaming/using_axi_stream_with_side_channel_data/example_test.cpp' to the project
INFO: [HLS 200-1510] Running: open_solution solution1 -flow_target vivado 
INFO: [HLS 200-10] Opening solution '/home/anon/Desktop/masters_proj/vitis_projects/edge_detect/edge_detect/solution1'.
INFO: [SYN 201-201] Setting up clock 'default' with a period of 10ns.
INFO: [HLS 200-1611] Setting target device to 'xc7z020-clg400-1'
INFO: [HLS 200-1505] Using flow_target 'vivado'
Resolution: For help on HLS 200-1505 see www.xilinx.com/cgi-bin/docs/rdoc?v=2022.2;t=hls+guidance;d=200-1505.html
INFO: [HLS 200-1464] Running solution command: config_export -description {example dma}
INFO: [HLS 200-1464] Running solution command: config_export -display_name {Example HLS Stream IP 7}
INFO: [HLS 200-1464] Running solution command: config_export -format=ip_catalog
INFO: [HLS 200-1464] Running solution command: config_export -library=hls
INFO: [HLS 200-1464] Running solution command: config_export -output=/home/anon/Desktop/hls_ip/ver_7
INFO: [HLS 200-1464] Running solution command: config_export -rtl=verilog
INFO: [HLS 200-1464] Running solution command: config_export -vendor=xup
INFO: [HLS 200-1464] Running solution command: config_export -version=7.0
INFO: [HLS 200-1510] Running: set_part xc7z020clg400-1 
INFO: [HLS 200-1510] Running: create_clock -period 10 -name default 
INFO: [SYN 201-201] Setting up clock 'default' with a period of 10ns.
INFO: [HLS 200-1510] Running: config_export -description example dma -display_name Example HLS Stream IP 7 -format ip_catalog -library hls -output /home/anon/Desktop/hls_ip/ver_7 -rtl verilog -vendor xup -version 7.0 
INFO: [HLS 200-1510] Running: export_design -rtl verilog -format ip_catalog -output /home/anon/Desktop/hls_ip/ver_7 
Running Dispatch Server on port: 39109
INFO: [IMPL 213-8] Exporting RTL as a Vivado IP.

****** Vivado v2022.2 (64-bit)
  **** SW Build 3671981 on Fri Oct 14 04:59:54 MDT 2022
  **** IP Build 3669848 on Fri Oct 14 08:30:02 MDT 2022
    ** Copyright 1986-2022 Xilinx, Inc. All Rights Reserved.

source run_ippack.tcl -notrace
INFO: [IP_Flow 19-234] Refreshing IP repositories
INFO: [IP_Flow 19-1704] No user IP repositories specified
INFO: [IP_Flow 19-2313] Loaded Vivado IP repository '/tools/Xilinx/Vivado/2022.2/data/ip'.
INFO: [Common 17-206] Exiting Vivado at Sun Nov  5 12:59:39 2023...
INFO: [HLS 200-802] Generated output file /home/anon/Desktop/hls_ip/ver_7.zip
INFO: [HLS 200-111] Finished Command export_design CPU user time: 7 seconds. CPU system time: 0.41 seconds. Elapsed time: 9.8 seconds; current allocated memory: 8.016 MB.
INFO: [HLS 200-112] Total CPU user time: 8 seconds. Total CPU system time: 0.56 seconds. Total elapsed time: 20.86 seconds; peak allocated memory: 240.680 MB.
